{"name": "Login with multiple valid credentials -- @1.2 ", "status": "broken", "statusDetails": {"message": "selenium.common.exceptions.NoSuchElementException: Message: no such element: Unable to locate element: {\"method\":\"xpath\",\"selector\":\"//button[@class='btn btn-block btn-default btn-lg mb-3 undefined']\"}\n  (Session info: chrome=99.0.4844.82)\nStacktrace:\nBacktrace:\n\tOrdinal0 [0x01139943+2595139]\n\tOrdinal0 [0x010CC9F1+2148849]\n\tOrdinal0 [0x00FC4528+1066280]\n\tOrdinal0 [0x00FF0FD4+1249236]\n\tOrdinal0 [0x00FF11CB+1249739]\n\tOrdinal0 [0x0101D812+1431570]\n\tOrdinal0 [0x0100BA34+1358388]\n\tOrdinal0 [0x0101BAF2+1424114]\n\tOrdinal0 [0x0100B806+1357830]\n\tOrdinal0 [0x00FE6086+1204358]\n\tOrdinal0 [0x00FE6F96+1208214]\n\tGetHandleVerifier [0x012DB232+1658114]\n\tGetHandleVerifier [0x0139312C+2411516]\n\tGetHandleVerifier [0x011CF261+560433]\n\tGetHandleVerifier [0x011CE366+556598]\n\tOrdinal0 [0x010D286B+2173035]\n\tOrdinal0 [0x010D75F8+2192888]\n\tOrdinal0 [0x010D76E5+2193125]\n\tOrdinal0 [0x010E11FC+2232828]\n\tBaseThreadInitThunk [0x76B6FA29+25]\n\tRtlGetAppContainerNamedObjectPath [0x77447A9E+286]\n\tRtlGetAppContainerNamedObjectPath [0x77447A6E+238]\n\n", "trace": "  File \"c:\\users\\pavan.teli\\pycharmprojects\\behavepython\\venv\\lib\\site-packages\\behave\\model.py\", line 1329, in run\n    match.run(runner.context)\n  File \"c:\\users\\pavan.teli\\pycharmprojects\\behavepython\\venv\\lib\\site-packages\\behave\\matchers.py\", line 98, in run\n    self.func(context, *args, **kwargs)\n  File \"features\\steps\\loginSteps.py\", line 31, in ClickLogin\n    clickOnLogin = context.driver.find_element_by_xpath(\"//button[@class='btn btn-block btn-default btn-lg mb-3 undefined']\").click()\n  File \"c:\\users\\pavan.teli\\pycharmprojects\\behavepython\\venv\\lib\\site-packages\\selenium\\webdriver\\remote\\webdriver.py\", line 521, in find_element_by_xpath\n    return self.find_element(by=By.XPATH, value=xpath)\n  File \"c:\\users\\pavan.teli\\pycharmprojects\\behavepython\\venv\\lib\\site-packages\\selenium\\webdriver\\remote\\webdriver.py\", line 1248, in find_element\n    return self.execute(Command.FIND_ELEMENT, {\n  File \"c:\\users\\pavan.teli\\pycharmprojects\\behavepython\\venv\\lib\\site-packages\\selenium\\webdriver\\remote\\webdriver.py\", line 425, in execute\n    self.error_handler.check_response(response)\n  File \"c:\\users\\pavan.teli\\pycharmprojects\\behavepython\\venv\\lib\\site-packages\\selenium\\webdriver\\remote\\errorhandler.py\", line 247, in check_response\n    raise exception_class(message, screen, stacktrace)\n"}, "steps": [{"name": "Given Open the chrome and start application", "status": "passed", "start": 1648193421868, "stop": 1648193426344}, {"name": "When I enter valid username \"pavant@gmail.com\" and password \"aspkdaf\"", "status": "passed", "start": 1648193426344, "stop": 1648193432600}, {"name": "And click on login button", "status": "broken", "statusDetails": {"message": "selenium.common.exceptions.NoSuchElementException: Message: no such element: Unable to locate element: {\"method\":\"xpath\",\"selector\":\"//button[@class='btn btn-block btn-default btn-lg mb-3 undefined']\"}\n  (Session info: chrome=99.0.4844.82)\nStacktrace:\nBacktrace:\n\tOrdinal0 [0x01139943+2595139]\n\tOrdinal0 [0x010CC9F1+2148849]\n\tOrdinal0 [0x00FC4528+1066280]\n\tOrdinal0 [0x00FF0FD4+1249236]\n\tOrdinal0 [0x00FF11CB+1249739]\n\tOrdinal0 [0x0101D812+1431570]\n\tOrdinal0 [0x0100BA34+1358388]\n\tOrdinal0 [0x0101BAF2+1424114]\n\tOrdinal0 [0x0100B806+1357830]\n\tOrdinal0 [0x00FE6086+1204358]\n\tOrdinal0 [0x00FE6F96+1208214]\n\tGetHandleVerifier [0x012DB232+1658114]\n\tGetHandleVerifier [0x0139312C+2411516]\n\tGetHandleVerifier [0x011CF261+560433]\n\tGetHandleVerifier [0x011CE366+556598]\n\tOrdinal0 [0x010D286B+2173035]\n\tOrdinal0 [0x010D75F8+2192888]\n\tOrdinal0 [0x010D76E5+2193125]\n\tOrdinal0 [0x010E11FC+2232828]\n\tBaseThreadInitThunk [0x76B6FA29+25]\n\tRtlGetAppContainerNamedObjectPath [0x77447A9E+286]\n\tRtlGetAppContainerNamedObjectPath [0x77447A6E+238]\n\n", "trace": "  File \"c:\\users\\pavan.teli\\pycharmprojects\\behavepython\\venv\\lib\\site-packages\\behave\\model.py\", line 1329, in run\n    match.run(runner.context)\n  File \"c:\\users\\pavan.teli\\pycharmprojects\\behavepython\\venv\\lib\\site-packages\\behave\\matchers.py\", line 98, in run\n    self.func(context, *args, **kwargs)\n  File \"features\\steps\\loginSteps.py\", line 31, in ClickLogin\n    clickOnLogin = context.driver.find_element_by_xpath(\"//button[@class='btn btn-block btn-default btn-lg mb-3 undefined']\").click()\n  File \"c:\\users\\pavan.teli\\pycharmprojects\\behavepython\\venv\\lib\\site-packages\\selenium\\webdriver\\remote\\webdriver.py\", line 521, in find_element_by_xpath\n    return self.find_element(by=By.XPATH, value=xpath)\n  File \"c:\\users\\pavan.teli\\pycharmprojects\\behavepython\\venv\\lib\\site-packages\\selenium\\webdriver\\remote\\webdriver.py\", line 1248, in find_element\n    return self.execute(Command.FIND_ELEMENT, {\n  File \"c:\\users\\pavan.teli\\pycharmprojects\\behavepython\\venv\\lib\\site-packages\\selenium\\webdriver\\remote\\webdriver.py\", line 425, in execute\n    self.error_handler.check_response(response)\n  File \"c:\\users\\pavan.teli\\pycharmprojects\\behavepython\\venv\\lib\\site-packages\\selenium\\webdriver\\remote\\errorhandler.py\", line 247, in check_response\n    raise exception_class(message, screen, stacktrace)\n"}, "start": 1648193432600, "stop": 1648193432615}, {"name": "Then user should be able to login successfully", "status": "skipped", "start": 1648193432616, "stop": 1648193432616}], "parameters": [{"name": "username", "value": "pavant@gmail.com"}, {"name": "password", "value": "aspkdaf"}], "start": 1648193421865, "stop": 1648193432616, "uuid": "3de05ca5-4ad4-4db8-a219-971206c87d19", "historyId": "5a1fbf34af429e4b3587b374b6ba18e2", "fullName": "Test traveller login scenario: Login with multiple valid credentials", "labels": [{"name": "severity", "value": "normal"}, {"name": "feature", "value": "Test traveller login scenario"}, {"name": "framework", "value": "behave"}, {"name": "language", "value": "cpython3"}]}